[0m20:37:03.568370 [debug] [MainThread]: Sending event: {'category': 'dbt', 'action': 'invocation', 'label': 'start', 'context': [<snowplow_tracker.self_describing_json.SelfDescribingJson object at 0x1082bb4d0>, <snowplow_tracker.self_describing_json.SelfDescribingJson object at 0x10994bb10>, <snowplow_tracker.self_describing_json.SelfDescribingJson object at 0x10994b9d0>]}


============================== 20:37:03.587741 | a02aca14-a774-4567-8fd3-78ca032b593e ==============================
[0m20:37:03.587741 [info ] [MainThread]: Running with dbt=1.11.6
[0m20:37:03.588066 [debug] [MainThread]: running dbt with arguments {'indirect_selection': 'eager', 'invocation_command': 'dbt debug', 'fail_fast': 'False', 'cache_selected_only': 'False', 'warn_error': 'None', 'use_experimental_parser': 'False', 'target_path': 'None', 'log_format': 'default', 'profiles_dir': '/Users/yubin/.dbt', 'use_colors': 'True', 'printer_width': '80', 'write_json': 'True', 'version_check': 'True', 'empty': 'None', 'static_parser': 'True', 'send_anonymous_usage_stats': 'True', 'introspect': 'True', 'no_print': 'None', 'quiet': 'False', 'debug': 'False', 'log_cache_events': 'False', 'warn_error_options': 'WarnErrorOptionsV2(error=[], warn=[], silence=[])', 'partial_parse': 'True', 'log_path': 'logs'}
[0m20:37:03.629074 [info ] [MainThread]: dbt version: 1.11.6
[0m20:37:03.629314 [info ] [MainThread]: python version: 3.13.9
[0m20:37:03.629461 [info ] [MainThread]: python path: /Users/yubin/Desktop/week3-dw/hw-snowflake/.venv/bin/python3
[0m20:37:03.629597 [info ] [MainThread]: os info: macOS-15.3.2-arm64-arm-64bit-Mach-O
[0m20:37:03.629735 [info ] [MainThread]: Using profiles dir at /Users/yubin/.dbt
[0m20:37:03.629858 [info ] [MainThread]: Using profiles.yml file at /Users/yubin/.dbt/profiles.yml
[0m20:37:03.629981 [info ] [MainThread]: Using dbt_project.yml file at /Users/yubin/Desktop/week3-dw/hw-snowflake/dbt_project.yml
[0m20:37:03.630114 [info ] [MainThread]: Configuration:
[0m20:37:03.630235 [info ] [MainThread]:   profiles.yml file [[31mERROR not found[0m]
[0m20:37:03.630355 [info ] [MainThread]:   dbt_project.yml file [[31mERROR not found[0m]
[0m20:37:03.630470 [info ] [MainThread]: Required dependencies:
[0m20:37:03.630624 [debug] [MainThread]: Executing "git --help"
[0m20:37:03.647577 [debug] [MainThread]: STDOUT: "b"\xec\x82\xac\xec\x9a\xa9\xeb\xb2\x95: git [-v | --version] [-h | --help] [-C <path>] [-c <name>=<value>]\n           [--exec-path[=<path>]] [--html-path] [--man-path] [--info-path]\n           [-p | --paginate | -P | --no-pager] [--no-replace-objects] [--bare]\n           [--git-dir=<path>] [--work-tree=<path>] [--namespace=<name>]\n           [--super-prefix=<path>] [--config-env=<name>=<envvar>]\n           <command> [<args>]\n\n\xeb\x8b\xa4\xec\x9d\x8c\xec\x9d\x80 \xec\x97\xac\xeb\x9f\xac\xea\xb0\x80\xec\xa7\x80 \xec\x83\x81\xed\x99\xa9\xec\x97\x90\xec\x84\x9c \xec\x9e\x90\xec\xa3\xbc \xec\x82\xac\xec\x9a\xa9\xed\x95\x98\xeb\x8a\x94 \xea\xb9\x83 \xeb\xaa\x85\xeb\xa0\xb9\xec\x9e\x85\xeb\x8b\x88\xeb\x8b\xa4:\n\n\xec\x9e\x91\xec\x97\x85 \xea\xb3\xb5\xea\xb0\x84 \xec\x8b\x9c\xec\x9e\x91 (\xec\xb0\xb8\xea\xb3\xa0: git help tutorial)\n   clone     \xec\xa0\x80\xec\x9e\xa5\xec\x86\x8c\xeb\xa5\xbc \xeb\xb3\xb5\xec\xa0\x9c\xed\x95\xb4 \xec\x83\x88 \xeb\x94\x94\xeb\xa0\x89\xed\x84\xb0\xeb\xa6\xac\xeb\xa1\x9c \xea\xb0\x80\xec\xa0\xb8\xec\x98\xb5\xeb\x8b\x88\xeb\x8b\xa4\n   init      \xeb\xb9\x88 \xea\xb9\x83 \xec\xa0\x80\xec\x9e\xa5\xec\x86\x8c\xeb\xa5\xbc \xeb\xa7\x8c\xeb\x93\xa4\xea\xb1\xb0\xeb\x82\x98 \xea\xb8\xb0\xec\xa1\xb4 \xec\xa0\x80\xec\x9e\xa5\xec\x86\x8c\xeb\xa5\xbc \xeb\x8b\xa4\xec\x8b\x9c \xec\xb4\x88\xea\xb8\xb0\xed\x99\x94\xed\x95\xa9\xeb\x8b\x88\xeb\x8b\xa4\n\n\xeb\xb3\x80\xea\xb2\xbd \xec\x82\xac\xed\x95\xad\xec\x97\x90 \xeb\x8c\x80\xed\x95\x9c \xec\x9e\x91\xec\x97\x85 (\xec\xb0\xb8\xea\xb3\xa0: git help everyday)\n   add       \xed\x8c\x8c\xec\x9d\xbc \xeb\x82\xb4\xec\x9a\xa9\xec\x9d\x84 \xec\x9d\xb8\xeb\x8d\xb1\xec\x8a\xa4\xec\x97\x90 \xec\xb6\x94\xea\xb0\x80\xed\x95\xa9\xeb\x8b\x88\xeb\x8b\xa4\n   mv        \xed\x8c\x8c\xec\x9d\xbc, \xeb\x94\x94\xeb\xa0\x89\xed\x84\xb0\xeb\xa6\xac, \xec\x8b\xac\xeb\xb3\xbc\xeb\xa6\xad \xeb\xa7\x81\xed\x81\xac\xeb\xa5\xbc \xec\x98\xae\xea\xb8\xb0\xea\xb1\xb0\xeb\x82\x98 \xec\x9d\xb4\xeb\xa6\x84\xec\x9d\x84 \xeb\xb0\x94\xea\xbf\x89\xeb\x8b\x88\xeb\x8b\xa4\n   restore   Restore working tree files\n   rm        \xed\x8c\x8c\xec\x9d\xbc\xec\x9d\x84 \xec\x9e\x91\xec\x97\x85 \xed\x8f\xb4\xeb\x8d\x94\xec\x97\x90\xec\x84\x9c \xec\xa0\x9c\xea\xb1\xb0\xed\x95\x98\xea\xb3\xa0 \xec\x9d\xb8\xeb\x8d\xb1\xec\x8a\xa4\xec\x97\x90\xec\x84\x9c\xeb\x8f\x84 \xec\xa0\x9c\xea\xb1\xb0\xed\x95\xa9\xeb\x8b\x88\xeb\x8b\xa4\n\n\xec\xbb\xa4\xeb\xb0\x8b \xeb\x82\xb4\xec\x97\xad\xea\xb3\xbc \xec\x83\x81\xed\x83\x9c \xeb\xb3\xb4\xea\xb8\xb0 (\xec\xb0\xb8\xea\xb3\xa0: git help revisions)\n   bisect    \xec\x9d\xb4\xec\xa7\x84 \xed\x83\x90\xec\x83\x89\xec\x9c\xbc\xeb\xa1\x9c \xeb\xb2\x84\xea\xb7\xb8\xeb\xa5\xbc \xeb\xa7\x8c\xeb\x93\xa4\xec\x96\xb4\xeb\x82\xb8 \xec\xbb\xa4\xeb\xb0\x8b\xec\x9d\x84 \xec\xb0\xbe\xec\x8a\xb5\xeb\x8b\x88\xeb\x8b\xa4\n   diff      \xec\xbb\xa4\xeb\xb0\x8b\xea\xb3\xbc \xec\xbb\xa4\xeb\xb0\x8b \xec\x82\xac\xec\x9d\xb4, \xec\xbb\xa4\xeb\xb0\x8b\xea\xb3\xbc \xec\x9e\x91\xec\x97\x85 \xeb\x82\xb4\xec\x9a\xa9 \xec\x82\xac\xec\x9d\xb4 \xeb\x93\xb1\xec\x9d\x98 \xeb\xb0\x94\xeb\x80\x90 \xec\xa0\x90\xec\x9d\x84 \xeb\xb4\x85\xeb\x8b\x88\xeb\x8b\xa4\n   grep      \xed\x8c\xa8\xed\x84\xb4\xea\xb3\xbc \xec\x9d\xbc\xec\xb9\x98\xed\x95\x98\xeb\x8a\x94 \xec\xa4\x84\xec\x9d\x84 \xed\x91\x9c\xec\x8b\x9c\xed\x95\xa9\xeb\x8b\x88\xeb\x8b\xa4\n   log       \xec\xbb\xa4\xeb\xb0\x8b \xea\xb8\xb0\xeb\xa1\x9d\xec\x9d\x84 \xed\x91\x9c\xec\x8b\x9c\xed\x95\xa9\xeb\x8b\x88\xeb\x8b\xa4\n   show      \xec\x97\xac\xeb\x9f\xac\xea\xb0\x80\xec\xa7\x80 \xec\xa2\x85\xeb\xa5\x98\xec\x9d\x98 \xec\x98\xa4\xeb\xb8\x8c\xec\xa0\x9d\xed\x8a\xb8\xeb\xa5\xbc \xed\x91\x9c\xec\x8b\x9c\xed\x95\xa9\xeb\x8b\x88\xeb\x8b\xa4\n   status    \xec\x9e\x91\xec\x97\x85 \xed\x8f\xb4\xeb\x8d\x94 \xec\x83\x81\xed\x83\x9c\xeb\xa5\xbc \xed\x91\x9c\xec\x8b\x9c\xed\x95\xa9\xeb\x8b\x88\xeb\x8b\xa4\n\n\xec\xbb\xa4\xeb\xb0\x8b \xeb\x82\xb4\xec\x97\xad\xec\x9d\x84 \xed\x82\xa4\xec\x9a\xb0\xea\xb3\xa0, \xed\x91\x9c\xec\x8b\x9c\xed\x95\x98\xea\xb3\xa0, \xec\xa1\xb0\xec\x9e\x91\xed\x95\x98\xea\xb8\xb0\n   branch    \xeb\xb8\x8c\xeb\x9e\x9c\xec\xb9\x98\xeb\xa5\xbc \xeb\xa7\x8c\xeb\x93\xa4\xea\xb1\xb0\xeb\x82\x98, \xec\x82\xad\xec\xa0\x9c\xed\x95\x98\xea\xb1\xb0\xeb\x82\x98, \xeb\xaa\xa9\xeb\xa1\x9d\xec\x9d\x84 \xec\xb6\x9c\xeb\xa0\xa5\xed\x95\xa9\xeb\x8b\x88\xeb\x8b\xa4\n   commit    \xeb\xb0\x94\xeb\x80\x90 \xec\x82\xac\xed\x95\xad\xec\x9d\x84 \xec\xa0\x80\xec\x9e\xa5\xec\x86\x8c\xec\x97\x90 \xea\xb8\xb0\xeb\xa1\x9d\xed\x95\xa9\xeb\x8b\x88\xeb\x8b\xa4\n   merge     \xec\x97\xac\xeb\x9f\xac \xea\xb0\x9c\xec\x9d\x98 \xea\xb0\x9c\xeb\xb0\x9c \xeb\x82\xb4\xec\x97\xad\xec\x9d\x84 \xed\x95\x98\xeb\x82\x98\xeb\xa1\x9c \xed\x95\xa9\xec\xb9\xa9\xeb\x8b\x88\xeb\x8b\xa4\n   rebase    \xec\xbb\xa4\xeb\xb0\x8b\xec\x9d\x84 \xeb\x8b\xa4\xeb\xa5\xb8 \xeb\xb2\xa0\xec\x9d\xb4\xec\x8a\xa4 \xeb\x81\x9d\xec\x9d\x98 \xec\xb5\x9c\xec\x83\x81\xec\x9c\x84\xec\x97\x90\xec\x84\x9c \xec\xa0\x81\xec\x9a\xa9\xed\x95\xa9\xeb\x8b\x88\xeb\x8b\xa4\n   reset     \xed\x98\x84\xec\x9e\xac HEAD\xeb\xa5\xbc \xec\xa7\x80\xec\xa0\x95\xed\x95\x9c \xec\x83\x81\xed\x83\x9c\xeb\xa1\x9c \xec\x9e\xac\xec\x84\xa4\xec\xa0\x95\xed\x99\x94\xed\x95\xa9\xeb\x8b\x88\xeb\x8b\xa4\n   switch    Switch branches\n   tag       \xed\x83\x9c\xea\xb7\xb8\xeb\xa5\xbc \xeb\xa7\x8c\xeb\x93\xa4\xea\xb1\xb0\xeb\x82\x98, \xed\x91\x9c\xec\x8b\x9c\xed\x95\x98\xea\xb1\xb0\xeb\x82\x98, \xec\x82\xad\xec\xa0\x9c\xed\x95\x98\xea\xb1\xb0\xeb\x82\x98, GPG \xec\x84\x9c\xeb\xaa\x85\xec\x9d\x84 \xea\xb2\x80\xec\xa6\x9d\xed\x95\xa9\xeb\x8b\x88\xeb\x8b\xa4\n\n\xed\x98\x91\xeb\x8f\x99 \xec\x9e\x91\xec\x97\x85 (\xec\xb0\xb8\xea\xb3\xa0: git help workflows)\n   fetch     \xeb\x8b\xa4\xeb\xa5\xb8 \xec\xa0\x80\xec\x9e\xa5\xec\x86\x8c\xec\x97\x90\xec\x84\x9c \xec\x98\xa4\xeb\xb8\x8c\xec\xa0\x9d\xed\x8a\xb8\xec\x99\x80 \xeb\xa0\x88\xed\x8d\xbc\xeb\x9f\xb0\xec\x8a\xa4\xeb\xa5\xbc \xeb\x8b\xa4\xec\x9a\xb4\xeb\xa1\x9c\xeb\x93\x9c\xed\x95\xa9\xeb\x8b\x88\xeb\x8b\xa4\n   pull      \xeb\x8b\xa4\xeb\xa5\xb8 \xec\xa0\x80\xec\x9e\xa5\xec\x86\x8c \xeb\x98\x90\xeb\x8a\x94 \xeb\x8b\xa4\xeb\xa5\xb8 \xeb\xa1\x9c\xec\xbb\xac \xeb\xb8\x8c\xeb\x9e\x9c\xec\xb9\x98\xec\x97\x90\xec\x84\x9c \xea\xb0\x80\xec\xa0\xb8\xec\x98\xa4\xea\xb1\xb0\xeb\x82\x98 \xed\x86\xb5\xed\x95\xa9\xed\x95\xa9\xeb\x8b\x88\xeb\x8b\xa4\n   push      \xec\x9b\x90\xea\xb2\xa9 \xeb\xa0\x88\xed\x8d\xbc\xeb\x9f\xb0\xec\x8a\xa4 \xeb\xb0\x8f \xea\xb7\xb8\xec\x99\x80 \xea\xb4\x80\xeb\xa0\xa8\xeb\x90\x9c \xec\x98\xa4\xeb\xb8\x8c\xec\xa0\x9d\xed\x8a\xb8\xeb\xa5\xbc \xec\x97\x85\xeb\x8d\xb0\xec\x9d\xb4\xed\x8a\xb8\xed\x95\xa9\xeb\x8b\x88\xeb\x8b\xa4\n\n'git help -a' and 'git help -g' list available subcommands and some\nconcept guides. See 'git help <command>' or 'git help <concept>'\nto read about a specific subcommand or concept.\nSee 'git help git' for an overview of the system.\n""
[0m20:37:03.648221 [debug] [MainThread]: STDERR: "b''"
[0m20:37:03.648450 [info ] [MainThread]:  - git [[32mOK found[0m]

[0m20:37:03.648756 [info ] [MainThread]: Connection test skipped since no profile was found
[0m20:37:03.649072 [info ] [MainThread]: [31m2 checks failed:[0m
[0m20:37:03.649261 [info ] [MainThread]: dbt looked for a profiles.yml file in /Users/yubin/.dbt/profiles.yml, but did
not find one. For more information on configuring your profile, consult the
documentation:

https://docs.getdbt.com/docs/configure-your-profile


[0m20:37:03.649412 [info ] [MainThread]: Project loading failed for the following reason:
 project path </Users/yubin/Desktop/week3-dw/hw-snowflake/dbt_project.yml> not found

[0m20:37:03.688902 [debug] [MainThread]: Resource report: {"command_name": "debug", "command_success": false, "command_wall_clock_time": 0.1571252, "process_in_blocks": "0", "process_kernel_time": 0.338351, "process_mem_max_rss": "139919360", "process_out_blocks": "0", "process_user_time": 1.499794}
[0m20:37:03.689304 [debug] [MainThread]: Command `dbt debug` failed at 20:37:03.689240 after 0.16 seconds
[0m20:37:03.689602 [debug] [MainThread]: Sending event: {'category': 'dbt', 'action': 'invocation', 'label': 'end', 'context': [<snowplow_tracker.self_describing_json.SelfDescribingJson object at 0x1099ad810>, <snowplow_tracker.self_describing_json.SelfDescribingJson object at 0x1097c3410>, <snowplow_tracker.self_describing_json.SelfDescribingJson object at 0x1099b5260>]}
[0m20:37:03.689864 [debug] [MainThread]: Flushing usage events
[0m20:37:05.078766 [debug] [MainThread]: An error was encountered while trying to flush usage events
[0m20:49:55.914897 [debug] [MainThread]: Sending event: {'category': 'dbt', 'action': 'invocation', 'label': 'start', 'context': [<snowplow_tracker.self_describing_json.SelfDescribingJson object at 0x1058a0980>, <snowplow_tracker.self_describing_json.SelfDescribingJson object at 0x1075c7750>, <snowplow_tracker.self_describing_json.SelfDescribingJson object at 0x1075c79d0>]}


============================== 20:49:55.917971 | 1385e3ca-af2b-45ca-88e8-3cba00cf2d03 ==============================
[0m20:49:55.917971 [info ] [MainThread]: Running with dbt=1.11.6
[0m20:49:55.918291 [debug] [MainThread]: running dbt with arguments {'empty': 'None', 'use_experimental_parser': 'False', 'target_path': 'None', 'log_cache_events': 'False', 'cache_selected_only': 'False', 'warn_error_options': 'WarnErrorOptionsV2(error=[], warn=[], silence=[])', 'version_check': 'True', 'partial_parse': 'True', 'static_parser': 'True', 'profiles_dir': '/Users/yubin/.dbt', 'send_anonymous_usage_stats': 'True', 'debug': 'False', 'printer_width': '80', 'fail_fast': 'False', 'warn_error': 'None', 'quiet': 'False', 'use_colors': 'True', 'invocation_command': 'dbt debug', 'no_print': 'None', 'introspect': 'True', 'log_path': 'logs', 'write_json': 'True', 'indirect_selection': 'eager', 'log_format': 'default'}
[0m20:49:55.927758 [info ] [MainThread]: dbt version: 1.11.6
[0m20:49:55.927949 [info ] [MainThread]: python version: 3.13.9
[0m20:49:55.928171 [info ] [MainThread]: python path: /Users/yubin/Desktop/week3-dw/hw-snowflake/.venv/bin/python3
[0m20:49:55.928304 [info ] [MainThread]: os info: macOS-15.3.2-arm64-arm-64bit-Mach-O
[0m20:49:55.928442 [info ] [MainThread]: Using profiles dir at /Users/yubin/.dbt
[0m20:49:55.928565 [info ] [MainThread]: Using profiles.yml file at /Users/yubin/.dbt/profiles.yml
[0m20:49:55.928684 [info ] [MainThread]: Using dbt_project.yml file at /Users/yubin/Desktop/week3-dw/hw-snowflake/dbt_project.yml
[0m20:49:55.928811 [info ] [MainThread]: Configuration:
[0m20:49:55.928931 [info ] [MainThread]:   profiles.yml file [[31mERROR not found[0m]
[0m20:49:55.929049 [info ] [MainThread]:   dbt_project.yml file [[31mERROR not found[0m]
[0m20:49:55.929165 [info ] [MainThread]: Required dependencies:
[0m20:49:55.929311 [debug] [MainThread]: Executing "git --help"
[0m20:49:55.939337 [debug] [MainThread]: STDOUT: "b"\xec\x82\xac\xec\x9a\xa9\xeb\xb2\x95: git [-v | --version] [-h | --help] [-C <path>] [-c <name>=<value>]\n           [--exec-path[=<path>]] [--html-path] [--man-path] [--info-path]\n           [-p | --paginate | -P | --no-pager] [--no-replace-objects] [--bare]\n           [--git-dir=<path>] [--work-tree=<path>] [--namespace=<name>]\n           [--super-prefix=<path>] [--config-env=<name>=<envvar>]\n           <command> [<args>]\n\n\xeb\x8b\xa4\xec\x9d\x8c\xec\x9d\x80 \xec\x97\xac\xeb\x9f\xac\xea\xb0\x80\xec\xa7\x80 \xec\x83\x81\xed\x99\xa9\xec\x97\x90\xec\x84\x9c \xec\x9e\x90\xec\xa3\xbc \xec\x82\xac\xec\x9a\xa9\xed\x95\x98\xeb\x8a\x94 \xea\xb9\x83 \xeb\xaa\x85\xeb\xa0\xb9\xec\x9e\x85\xeb\x8b\x88\xeb\x8b\xa4:\n\n\xec\x9e\x91\xec\x97\x85 \xea\xb3\xb5\xea\xb0\x84 \xec\x8b\x9c\xec\x9e\x91 (\xec\xb0\xb8\xea\xb3\xa0: git help tutorial)\n   clone     \xec\xa0\x80\xec\x9e\xa5\xec\x86\x8c\xeb\xa5\xbc \xeb\xb3\xb5\xec\xa0\x9c\xed\x95\xb4 \xec\x83\x88 \xeb\x94\x94\xeb\xa0\x89\xed\x84\xb0\xeb\xa6\xac\xeb\xa1\x9c \xea\xb0\x80\xec\xa0\xb8\xec\x98\xb5\xeb\x8b\x88\xeb\x8b\xa4\n   init      \xeb\xb9\x88 \xea\xb9\x83 \xec\xa0\x80\xec\x9e\xa5\xec\x86\x8c\xeb\xa5\xbc \xeb\xa7\x8c\xeb\x93\xa4\xea\xb1\xb0\xeb\x82\x98 \xea\xb8\xb0\xec\xa1\xb4 \xec\xa0\x80\xec\x9e\xa5\xec\x86\x8c\xeb\xa5\xbc \xeb\x8b\xa4\xec\x8b\x9c \xec\xb4\x88\xea\xb8\xb0\xed\x99\x94\xed\x95\xa9\xeb\x8b\x88\xeb\x8b\xa4\n\n\xeb\xb3\x80\xea\xb2\xbd \xec\x82\xac\xed\x95\xad\xec\x97\x90 \xeb\x8c\x80\xed\x95\x9c \xec\x9e\x91\xec\x97\x85 (\xec\xb0\xb8\xea\xb3\xa0: git help everyday)\n   add       \xed\x8c\x8c\xec\x9d\xbc \xeb\x82\xb4\xec\x9a\xa9\xec\x9d\x84 \xec\x9d\xb8\xeb\x8d\xb1\xec\x8a\xa4\xec\x97\x90 \xec\xb6\x94\xea\xb0\x80\xed\x95\xa9\xeb\x8b\x88\xeb\x8b\xa4\n   mv        \xed\x8c\x8c\xec\x9d\xbc, \xeb\x94\x94\xeb\xa0\x89\xed\x84\xb0\xeb\xa6\xac, \xec\x8b\xac\xeb\xb3\xbc\xeb\xa6\xad \xeb\xa7\x81\xed\x81\xac\xeb\xa5\xbc \xec\x98\xae\xea\xb8\xb0\xea\xb1\xb0\xeb\x82\x98 \xec\x9d\xb4\xeb\xa6\x84\xec\x9d\x84 \xeb\xb0\x94\xea\xbf\x89\xeb\x8b\x88\xeb\x8b\xa4\n   restore   Restore working tree files\n   rm        \xed\x8c\x8c\xec\x9d\xbc\xec\x9d\x84 \xec\x9e\x91\xec\x97\x85 \xed\x8f\xb4\xeb\x8d\x94\xec\x97\x90\xec\x84\x9c \xec\xa0\x9c\xea\xb1\xb0\xed\x95\x98\xea\xb3\xa0 \xec\x9d\xb8\xeb\x8d\xb1\xec\x8a\xa4\xec\x97\x90\xec\x84\x9c\xeb\x8f\x84 \xec\xa0\x9c\xea\xb1\xb0\xed\x95\xa9\xeb\x8b\x88\xeb\x8b\xa4\n\n\xec\xbb\xa4\xeb\xb0\x8b \xeb\x82\xb4\xec\x97\xad\xea\xb3\xbc \xec\x83\x81\xed\x83\x9c \xeb\xb3\xb4\xea\xb8\xb0 (\xec\xb0\xb8\xea\xb3\xa0: git help revisions)\n   bisect    \xec\x9d\xb4\xec\xa7\x84 \xed\x83\x90\xec\x83\x89\xec\x9c\xbc\xeb\xa1\x9c \xeb\xb2\x84\xea\xb7\xb8\xeb\xa5\xbc \xeb\xa7\x8c\xeb\x93\xa4\xec\x96\xb4\xeb\x82\xb8 \xec\xbb\xa4\xeb\xb0\x8b\xec\x9d\x84 \xec\xb0\xbe\xec\x8a\xb5\xeb\x8b\x88\xeb\x8b\xa4\n   diff      \xec\xbb\xa4\xeb\xb0\x8b\xea\xb3\xbc \xec\xbb\xa4\xeb\xb0\x8b \xec\x82\xac\xec\x9d\xb4, \xec\xbb\xa4\xeb\xb0\x8b\xea\xb3\xbc \xec\x9e\x91\xec\x97\x85 \xeb\x82\xb4\xec\x9a\xa9 \xec\x82\xac\xec\x9d\xb4 \xeb\x93\xb1\xec\x9d\x98 \xeb\xb0\x94\xeb\x80\x90 \xec\xa0\x90\xec\x9d\x84 \xeb\xb4\x85\xeb\x8b\x88\xeb\x8b\xa4\n   grep      \xed\x8c\xa8\xed\x84\xb4\xea\xb3\xbc \xec\x9d\xbc\xec\xb9\x98\xed\x95\x98\xeb\x8a\x94 \xec\xa4\x84\xec\x9d\x84 \xed\x91\x9c\xec\x8b\x9c\xed\x95\xa9\xeb\x8b\x88\xeb\x8b\xa4\n   log       \xec\xbb\xa4\xeb\xb0\x8b \xea\xb8\xb0\xeb\xa1\x9d\xec\x9d\x84 \xed\x91\x9c\xec\x8b\x9c\xed\x95\xa9\xeb\x8b\x88\xeb\x8b\xa4\n   show      \xec\x97\xac\xeb\x9f\xac\xea\xb0\x80\xec\xa7\x80 \xec\xa2\x85\xeb\xa5\x98\xec\x9d\x98 \xec\x98\xa4\xeb\xb8\x8c\xec\xa0\x9d\xed\x8a\xb8\xeb\xa5\xbc \xed\x91\x9c\xec\x8b\x9c\xed\x95\xa9\xeb\x8b\x88\xeb\x8b\xa4\n   status    \xec\x9e\x91\xec\x97\x85 \xed\x8f\xb4\xeb\x8d\x94 \xec\x83\x81\xed\x83\x9c\xeb\xa5\xbc \xed\x91\x9c\xec\x8b\x9c\xed\x95\xa9\xeb\x8b\x88\xeb\x8b\xa4\n\n\xec\xbb\xa4\xeb\xb0\x8b \xeb\x82\xb4\xec\x97\xad\xec\x9d\x84 \xed\x82\xa4\xec\x9a\xb0\xea\xb3\xa0, \xed\x91\x9c\xec\x8b\x9c\xed\x95\x98\xea\xb3\xa0, \xec\xa1\xb0\xec\x9e\x91\xed\x95\x98\xea\xb8\xb0\n   branch    \xeb\xb8\x8c\xeb\x9e\x9c\xec\xb9\x98\xeb\xa5\xbc \xeb\xa7\x8c\xeb\x93\xa4\xea\xb1\xb0\xeb\x82\x98, \xec\x82\xad\xec\xa0\x9c\xed\x95\x98\xea\xb1\xb0\xeb\x82\x98, \xeb\xaa\xa9\xeb\xa1\x9d\xec\x9d\x84 \xec\xb6\x9c\xeb\xa0\xa5\xed\x95\xa9\xeb\x8b\x88\xeb\x8b\xa4\n   commit    \xeb\xb0\x94\xeb\x80\x90 \xec\x82\xac\xed\x95\xad\xec\x9d\x84 \xec\xa0\x80\xec\x9e\xa5\xec\x86\x8c\xec\x97\x90 \xea\xb8\xb0\xeb\xa1\x9d\xed\x95\xa9\xeb\x8b\x88\xeb\x8b\xa4\n   merge     \xec\x97\xac\xeb\x9f\xac \xea\xb0\x9c\xec\x9d\x98 \xea\xb0\x9c\xeb\xb0\x9c \xeb\x82\xb4\xec\x97\xad\xec\x9d\x84 \xed\x95\x98\xeb\x82\x98\xeb\xa1\x9c \xed\x95\xa9\xec\xb9\xa9\xeb\x8b\x88\xeb\x8b\xa4\n   rebase    \xec\xbb\xa4\xeb\xb0\x8b\xec\x9d\x84 \xeb\x8b\xa4\xeb\xa5\xb8 \xeb\xb2\xa0\xec\x9d\xb4\xec\x8a\xa4 \xeb\x81\x9d\xec\x9d\x98 \xec\xb5\x9c\xec\x83\x81\xec\x9c\x84\xec\x97\x90\xec\x84\x9c \xec\xa0\x81\xec\x9a\xa9\xed\x95\xa9\xeb\x8b\x88\xeb\x8b\xa4\n   reset     \xed\x98\x84\xec\x9e\xac HEAD\xeb\xa5\xbc \xec\xa7\x80\xec\xa0\x95\xed\x95\x9c \xec\x83\x81\xed\x83\x9c\xeb\xa1\x9c \xec\x9e\xac\xec\x84\xa4\xec\xa0\x95\xed\x99\x94\xed\x95\xa9\xeb\x8b\x88\xeb\x8b\xa4\n   switch    Switch branches\n   tag       \xed\x83\x9c\xea\xb7\xb8\xeb\xa5\xbc \xeb\xa7\x8c\xeb\x93\xa4\xea\xb1\xb0\xeb\x82\x98, \xed\x91\x9c\xec\x8b\x9c\xed\x95\x98\xea\xb1\xb0\xeb\x82\x98, \xec\x82\xad\xec\xa0\x9c\xed\x95\x98\xea\xb1\xb0\xeb\x82\x98, GPG \xec\x84\x9c\xeb\xaa\x85\xec\x9d\x84 \xea\xb2\x80\xec\xa6\x9d\xed\x95\xa9\xeb\x8b\x88\xeb\x8b\xa4\n\n\xed\x98\x91\xeb\x8f\x99 \xec\x9e\x91\xec\x97\x85 (\xec\xb0\xb8\xea\xb3\xa0: git help workflows)\n   fetch     \xeb\x8b\xa4\xeb\xa5\xb8 \xec\xa0\x80\xec\x9e\xa5\xec\x86\x8c\xec\x97\x90\xec\x84\x9c \xec\x98\xa4\xeb\xb8\x8c\xec\xa0\x9d\xed\x8a\xb8\xec\x99\x80 \xeb\xa0\x88\xed\x8d\xbc\xeb\x9f\xb0\xec\x8a\xa4\xeb\xa5\xbc \xeb\x8b\xa4\xec\x9a\xb4\xeb\xa1\x9c\xeb\x93\x9c\xed\x95\xa9\xeb\x8b\x88\xeb\x8b\xa4\n   pull      \xeb\x8b\xa4\xeb\xa5\xb8 \xec\xa0\x80\xec\x9e\xa5\xec\x86\x8c \xeb\x98\x90\xeb\x8a\x94 \xeb\x8b\xa4\xeb\xa5\xb8 \xeb\xa1\x9c\xec\xbb\xac \xeb\xb8\x8c\xeb\x9e\x9c\xec\xb9\x98\xec\x97\x90\xec\x84\x9c \xea\xb0\x80\xec\xa0\xb8\xec\x98\xa4\xea\xb1\xb0\xeb\x82\x98 \xed\x86\xb5\xed\x95\xa9\xed\x95\xa9\xeb\x8b\x88\xeb\x8b\xa4\n   push      \xec\x9b\x90\xea\xb2\xa9 \xeb\xa0\x88\xed\x8d\xbc\xeb\x9f\xb0\xec\x8a\xa4 \xeb\xb0\x8f \xea\xb7\xb8\xec\x99\x80 \xea\xb4\x80\xeb\xa0\xa8\xeb\x90\x9c \xec\x98\xa4\xeb\xb8\x8c\xec\xa0\x9d\xed\x8a\xb8\xeb\xa5\xbc \xec\x97\x85\xeb\x8d\xb0\xec\x9d\xb4\xed\x8a\xb8\xed\x95\xa9\xeb\x8b\x88\xeb\x8b\xa4\n\n'git help -a' and 'git help -g' list available subcommands and some\nconcept guides. See 'git help <command>' or 'git help <concept>'\nto read about a specific subcommand or concept.\nSee 'git help git' for an overview of the system.\n""
[0m20:49:55.940110 [debug] [MainThread]: STDERR: "b''"
[0m20:49:55.940308 [info ] [MainThread]:  - git [[32mOK found[0m]

[0m20:49:55.940833 [info ] [MainThread]: Connection test skipped since no profile was found
[0m20:49:55.941222 [info ] [MainThread]: [31m2 checks failed:[0m
[0m20:49:55.941375 [info ] [MainThread]: dbt looked for a profiles.yml file in /Users/yubin/.dbt/profiles.yml, but did
not find one. For more information on configuring your profile, consult the
documentation:

https://docs.getdbt.com/docs/configure-your-profile


[0m20:49:55.941571 [info ] [MainThread]: Project loading failed for the following reason:
 project path </Users/yubin/Desktop/week3-dw/hw-snowflake/dbt_project.yml> not found

[0m20:49:55.943797 [debug] [MainThread]: Resource report: {"command_name": "debug", "command_success": false, "command_wall_clock_time": 0.070631206, "process_in_blocks": "0", "process_kernel_time": 0.10817, "process_mem_max_rss": "105611264", "process_out_blocks": "0", "process_user_time": 0.633196}
[0m20:49:55.944141 [debug] [MainThread]: Command `dbt debug` failed at 20:49:55.944076 after 0.07 seconds
[0m20:49:55.944464 [debug] [MainThread]: Sending event: {'category': 'dbt', 'action': 'invocation', 'label': 'end', 'context': [<snowplow_tracker.self_describing_json.SelfDescribingJson object at 0x1076e0050>, <snowplow_tracker.self_describing_json.SelfDescribingJson object at 0x10760d130>, <snowplow_tracker.self_describing_json.SelfDescribingJson object at 0x1076316a0>]}
[0m20:49:55.944696 [debug] [MainThread]: Flushing usage events
[0m20:49:57.607191 [debug] [MainThread]: An error was encountered while trying to flush usage events
[0m13:37:28.826690 [debug] [MainThread]: Sending event: {'category': 'dbt', 'action': 'invocation', 'label': 'start', 'context': [<snowplow_tracker.self_describing_json.SelfDescribingJson object at 0x106378550>, <snowplow_tracker.self_describing_json.SelfDescribingJson object at 0x10636e750>, <snowplow_tracker.self_describing_json.SelfDescribingJson object at 0x10636eed0>]}


============================== 13:37:28.833603 | 71c1c2b0-f0aa-4154-a21f-fe4ad0f4346a ==============================
[0m13:37:28.833603 [info ] [MainThread]: Running with dbt=1.8.2
[0m13:37:28.833933 [debug] [MainThread]: running dbt with arguments {'printer_width': '80', 'indirect_selection': 'eager', 'log_cache_events': 'False', 'write_json': 'True', 'partial_parse': 'True', 'cache_selected_only': 'False', 'profiles_dir': '/Users/yubin/.dbt', 'debug': 'False', 'fail_fast': 'False', 'log_path': 'logs', 'version_check': 'True', 'warn_error': 'None', 'use_colors': 'True', 'use_experimental_parser': 'False', 'no_print': 'None', 'quiet': 'False', 'log_format': 'default', 'invocation_command': 'dbt init taxi_rides_ny', 'static_parser': 'True', 'warn_error_options': 'WarnErrorOptions(include=[], exclude=[])', 'target_path': 'None', 'introspect': 'True', 'send_anonymous_usage_stats': 'True'}
[0m13:37:28.843180 [warn ] [MainThread]: [ConfigFolderDirectory]: Unable to parse logging event dictionary. Failed to parse dir field: expected string or bytes-like object, got 'PosixPath'.. Dictionary: {'dir': PosixPath('/Users/yubin/.dbt')}
[0m13:37:28.843419 [info ] [MainThread]: Creating dbt configuration folder at 
[0m13:37:28.844641 [debug] [MainThread]: Starter project path: /opt/homebrew/lib/python3.11/site-packages/dbt/include/starter_project
[0m13:37:28.848894 [info ] [MainThread]: 
Your new dbt project "taxi_rides_ny" was created!

For more information on how to configure the profiles.yml file,
please consult the dbt documentation here:

  https://docs.getdbt.com/docs/configure-your-profile

One more thing:

Need help? Don't hesitate to reach out to us via GitHub issues or on Slack:

  https://community.getdbt.com/

Happy modeling!

[0m13:37:28.849179 [info ] [MainThread]: Setting up your profile.
[0m13:38:58.491518 [info ] [MainThread]: Profile taxi_rides_ny written to /Users/yubin/.dbt/profiles.yml using target's profile_template.yml and your supplied values. Run 'dbt debug' to validate the connection.
[0m13:38:59.108472 [debug] [MainThread]: Resource report: {"command_name": "init", "command_success": true, "command_wall_clock_time": 90.33, "process_user_time": 2.615409, "process_kernel_time": 1.126138, "process_mem_max_rss": "188448768", "process_in_blocks": "0", "process_out_blocks": "0"}
[0m13:38:59.113850 [debug] [MainThread]: Command `dbt init` succeeded at 13:38:59.112508 after 90.34 seconds
[0m13:38:59.115151 [debug] [MainThread]: Sending event: {'category': 'dbt', 'action': 'invocation', 'label': 'end', 'context': [<snowplow_tracker.self_describing_json.SelfDescribingJson object at 0x106378f90>, <snowplow_tracker.self_describing_json.SelfDescribingJson object at 0x1063194d0>, <snowplow_tracker.self_describing_json.SelfDescribingJson object at 0x10631b110>]}
[0m13:38:59.116304 [debug] [MainThread]: Flushing usage events
[0m13:49:34.793234 [debug] [MainThread]: Sending event: {'category': 'dbt', 'action': 'invocation', 'label': 'start', 'context': [<snowplow_tracker.self_describing_json.SelfDescribingJson object at 0x10913fd50>, <snowplow_tracker.self_describing_json.SelfDescribingJson object at 0x1090f2850>, <snowplow_tracker.self_describing_json.SelfDescribingJson object at 0x1090f2890>]}


============================== 13:49:34.797259 | 7e691cb1-4aa9-4c50-b83b-4bf4a449d2dc ==============================
[0m13:49:34.797259 [info ] [MainThread]: Running with dbt=1.8.2
[0m13:49:34.797601 [debug] [MainThread]: running dbt with arguments {'printer_width': '80', 'indirect_selection': 'eager', 'write_json': 'True', 'log_cache_events': 'False', 'partial_parse': 'True', 'cache_selected_only': 'False', 'warn_error': 'None', 'version_check': 'True', 'fail_fast': 'False', 'log_path': 'logs', 'debug': 'False', 'profiles_dir': '/Users/yubin/.dbt', 'use_colors': 'True', 'use_experimental_parser': 'False', 'no_print': 'None', 'quiet': 'False', 'log_format': 'default', 'static_parser': 'True', 'introspect': 'True', 'invocation_command': 'dbt run', 'target_path': 'None', 'warn_error_options': 'WarnErrorOptions(include=[], exclude=[])', 'send_anonymous_usage_stats': 'True'}
[0m13:49:34.797879 [error] [MainThread]: Encountered an error:
Runtime Error
  No dbt_project.yml found at expected path /Users/yubin/Desktop/week3-dw/dbt_project.yml
  Verify that each entry within packages.yml (and their transitive dependencies) contains a file named dbt_project.yml
  
[0m13:49:34.799196 [debug] [MainThread]: Resource report: {"command_name": "run", "command_wall_clock_time": 0.04595204, "process_user_time": 0.574872, "process_kernel_time": 0.116758, "process_mem_max_rss": "101744640", "command_success": false, "process_in_blocks": "0", "process_out_blocks": "0"}
[0m13:49:34.799471 [debug] [MainThread]: Command `dbt run` failed at 13:49:34.799423 after 0.05 seconds
[0m13:49:34.799646 [debug] [MainThread]: Sending event: {'category': 'dbt', 'action': 'invocation', 'label': 'end', 'context': [<snowplow_tracker.self_describing_json.SelfDescribingJson object at 0x1090f8310>, <snowplow_tracker.self_describing_json.SelfDescribingJson object at 0x1090f1b90>, <snowplow_tracker.self_describing_json.SelfDescribingJson object at 0x104a60350>]}
[0m13:49:34.799808 [debug] [MainThread]: Flushing usage events
[0m16:24:22.801028 [debug] [MainThread]: Sending event: {'category': 'dbt', 'action': 'invocation', 'label': 'start', 'context': [<snowplow_tracker.self_describing_json.SelfDescribingJson object at 0x10732f1d0>, <snowplow_tracker.self_describing_json.SelfDescribingJson object at 0x107317950>, <snowplow_tracker.self_describing_json.SelfDescribingJson object at 0x10732f750>]}


============================== 16:24:22.805414 | a438da40-83c7-4d62-87a9-96c21315a22f ==============================
[0m16:24:22.805414 [info ] [MainThread]: Running with dbt=1.8.2
[0m16:24:22.805731 [debug] [MainThread]: running dbt with arguments {'printer_width': '80', 'indirect_selection': 'eager', 'write_json': 'True', 'log_cache_events': 'False', 'partial_parse': 'True', 'cache_selected_only': 'False', 'profiles_dir': '/Users/yubin/.dbt', 'version_check': 'True', 'fail_fast': 'False', 'log_path': 'logs', 'warn_error': 'None', 'debug': 'False', 'use_colors': 'True', 'use_experimental_parser': 'False', 'no_print': 'None', 'quiet': 'False', 'log_format': 'default', 'introspect': 'True', 'invocation_command': 'dbt run', 'warn_error_options': 'WarnErrorOptions(include=[], exclude=[])', 'target_path': 'None', 'static_parser': 'True', 'send_anonymous_usage_stats': 'True'}
[0m16:24:22.806297 [error] [MainThread]: Encountered an error:
Runtime Error
  No dbt_project.yml found at expected path /Users/yubin/Desktop/week3-dw/dbt_project.yml
  Verify that each entry within packages.yml (and their transitive dependencies) contains a file named dbt_project.yml
  
[0m16:24:22.807424 [debug] [MainThread]: Resource report: {"command_name": "run", "command_wall_clock_time": 0.047631208, "process_user_time": 0.627279, "process_kernel_time": 0.145402, "process_mem_max_rss": "98058240", "command_success": false, "process_in_blocks": "0", "process_out_blocks": "0"}
[0m16:24:22.807775 [debug] [MainThread]: Command `dbt run` failed at 16:24:22.807688 after 0.05 seconds
[0m16:24:22.808005 [debug] [MainThread]: Sending event: {'category': 'dbt', 'action': 'invocation', 'label': 'end', 'context': [<snowplow_tracker.self_describing_json.SelfDescribingJson object at 0x10732f1d0>, <snowplow_tracker.self_describing_json.SelfDescribingJson object at 0x1072e82d0>, <snowplow_tracker.self_describing_json.SelfDescribingJson object at 0x102e1d890>]}
[0m16:24:22.808195 [debug] [MainThread]: Flushing usage events
[0m16:36:30.175579 [debug] [MainThread]: Sending event: {'category': 'dbt', 'action': 'invocation', 'label': 'start', 'context': [<snowplow_tracker.self_describing_json.SelfDescribingJson object at 0x110342290>, <snowplow_tracker.self_describing_json.SelfDescribingJson object at 0x110343050>, <snowplow_tracker.self_describing_json.SelfDescribingJson object at 0x110392e50>]}


============================== 16:36:30.179529 | 62b97a5d-9e72-49e8-9a71-835976f3e45c ==============================
[0m16:36:30.179529 [info ] [MainThread]: Running with dbt=1.8.2
[0m16:36:30.179824 [debug] [MainThread]: running dbt with arguments {'printer_width': '80', 'indirect_selection': 'eager', 'log_cache_events': 'False', 'write_json': 'True', 'partial_parse': 'True', 'cache_selected_only': 'False', 'profiles_dir': '/Users/yubin/.dbt', 'debug': 'False', 'version_check': 'True', 'log_path': 'logs', 'warn_error': 'None', 'fail_fast': 'False', 'use_colors': 'True', 'use_experimental_parser': 'False', 'no_print': 'None', 'quiet': 'False', 'warn_error_options': 'WarnErrorOptions(include=[], exclude=[])', 'introspect': 'True', 'invocation_command': 'dbt run', 'static_parser': 'True', 'target_path': 'None', 'log_format': 'default', 'send_anonymous_usage_stats': 'True'}
[0m16:36:30.180101 [error] [MainThread]: Encountered an error:
Runtime Error
  No dbt_project.yml found at expected path /Users/yubin/Desktop/week3-dw/dbt_project.yml
  Verify that each entry within packages.yml (and their transitive dependencies) contains a file named dbt_project.yml
  
[0m16:36:30.181349 [debug] [MainThread]: Resource report: {"command_name": "run", "command_wall_clock_time": 0.04560275, "process_user_time": 0.569404, "process_kernel_time": 0.11403, "process_mem_max_rss": "103170048", "command_success": false, "process_in_blocks": "0", "process_out_blocks": "0"}
[0m16:36:30.181609 [debug] [MainThread]: Command `dbt run` failed at 16:36:30.181565 after 0.05 seconds
[0m16:36:30.181784 [debug] [MainThread]: Sending event: {'category': 'dbt', 'action': 'invocation', 'label': 'end', 'context': [<snowplow_tracker.self_describing_json.SelfDescribingJson object at 0x110348390>, <snowplow_tracker.self_describing_json.SelfDescribingJson object at 0x1103c3f10>, <snowplow_tracker.self_describing_json.SelfDescribingJson object at 0x10285add0>]}
[0m16:36:30.181941 [debug] [MainThread]: Flushing usage events
